Save as "data/L30_M14_eqs1e+05_mcs1e+06/log/h1.2000_D0.0500_T0.4500.txt"
Save as "data/L30_M14_eqs1e+05_mcs1e+06/res/h1.2000_D0.0500_T0.4500.h5"
           T          mz        rho1        rho2         rho         ozz
    0.450000    0.134246 -765.720581  345.680076   -0.00105150373775222878816545094674846255455608045667406269092035114888628618681885382182677574070488589145676538512833101762758533053216031357647857904551826358217737956560470016.000000
mc done : 5260s
Save as "data/L30_M14_eqs1e+05_mcs1e+06/log/h1.2000_D0.0500_T0.4000.txt"
Save as "data/L30_M14_eqs1e+05_mcs1e+06/res/h1.2000_D0.0500_T0.4000.h5"
           T          mz        rho1        rho2         rho         ozz
    0.400000    0.137087 -781.939545  312.635484    0.00015050373775222878816545094674846255455608045667406269092035114888628618681885382182677574070488589145676538512833101762758533053216031357647857904551826358217737956560470016.000000
mc done : 5254s
Save as "data/L30_M14_eqs1e+05_mcs1e+06/log/h1.2000_D0.0500_T0.3500.txt"
Save as "data/L30_M14_eqs1e+05_mcs1e+06/res/h1.2000_D0.0500_T0.3500.h5"
           T          mz        rho1        rho2         rho         ozz
    0.350000    0.144559 -700.528933  244.852504    0.00040650373775222878816545094674846255455608045667406269092035114888628618681885382182677574070488589145676538512833101762758533053216031357647857904551826358217737956560470016.000000
mc done : 5280s
Save as "data/L30_M14_eqs1e+05_mcs1e+06/log/h1.2000_D0.0500_T0.3000.txt"
Save as "data/L30_M14_eqs1e+05_mcs1e+06/res/h1.2000_D0.0500_T0.3000.h5"
           T          mz        rho1        rho2         rho         ozz
    0.300000    0.148050 -676.570483  194.985809    0.01138450373775222878816545094674846255455608045667406269092035114888628618681885382182677574070488589145676538512833101762758533053216031357647857904551826358217737956560470016.000000
mc done : 5304s
Save as "data/L30_M14_eqs1e+05_mcs1e+06/log/h1.2000_D0.0500_T0.2500.txt"
Save as "data/L30_M14_eqs1e+05_mcs1e+06/res/h1.2000_D0.0500_T0.2500.h5"
           T          mz        rho1        rho2         rho         ozz
    0.250000    0.145771 -694.812016  109.037008    0.11062250373775222878816545094674846255455608045667406269092035114888628618681885382182677574070488589145676538512833101762758533053216031357647857904551826358217737956560470016.000000
mc done : 5267s
Save as "data/L30_M14_eqs1e+05_mcs1e+06/log/h1.2000_D0.0500_T0.2000.txt"
Save as "data/L30_M14_eqs1e+05_mcs1e+06/res/h1.2000_D0.0500_T0.2000.h5"
           T          mz        rho1        rho2         rho         ozz
    0.200000    0.143578 -703.152424   54.243712    0.18472450373775222878816545094674846255455608045667406269092035114888628618681885382182677574070488589145676538512833101762758533053216031357647857904551826358217737956560470016.000000
mc done : 5194s
Save as "data/L30_M14_eqs1e+05_mcs1e+06/log/h1.2000_D0.0500_T0.1500.txt"
Save as "data/L30_M14_eqs1e+05_mcs1e+06/res/h1.2000_D0.0500_T0.1500.h5"
           T          mz        rho1        rho2         rho         ozz
    0.150000    0.142566 -699.116734   27.897904    0.21944950373775222878816545094674846255455608045667406269092035114888628618681885382182677574070488589145676538512833101762758533053216031357647857904551826358217737956560470016.000000
mc done : 5212s
Save as "data/L30_M14_eqs1e+05_mcs1e+06/log/h1.2000_D0.0500_T0.1000.txt"
Save as "data/L30_M14_eqs1e+05_mcs1e+06/res/h1.2000_D0.0500_T0.1000.h5"
           T          mz        rho1        rho2         rho         ozz
    0.100000    0.141982 -690.670686   11.929811    0.24435750373775222878816545094674846255455608045667406269092035114888628618681885382182677574070488589145676538512833101762758533053216031357647857904551826358217737956560470016.000000
mc done : 5206s
Save as "data/L30_M14_eqs1e+05_mcs1e+06/log/h1.2000_D0.0500_T0.0500.txt"
Save as "data/L30_M14_eqs1e+05_mcs1e+06/res/h1.2000_D0.0500_T0.0500.h5"
           T          mz        rho1        rho2         rho         ozz
    0.050000    0.141566 -678.855920    2.876385    0.26572150373775222878816545094674846255455608045667406269092035114888628618681885382182677574070488589145676538512833101762758533053216031357647857904551826358217737956560470016.000000
mc done : 5220s

# Job ID       : 25863
# Job name     : L30_M14_eqs5_mcs6_1.sh
# Time start   : Mon Feb 26 18:25:41 KST 2024
# Time end     : Tue Feb 27 07:32:18 KST 2024
# Time elapsed : 13h 6m 37.040193086s

