dir_save : data/Nt16_Np32_L6_M16_eqs1e+05_mcs1e+06_h1.2000_D0.0500_Tmin0.0100_Tmax0.5000

           T          mz        rho1        rho2         rho         ozz
    0.010000    0.123279  -28.254473    0.003786    0.298039    2.749423
    0.042667    0.151164  -24.135800    0.041528    0.247646    2.801021
    0.075333    0.160376  -22.398561    0.112370    0.223530    2.808140
    0.108000    0.182219  -18.523164    0.372297    0.161187    2.829054
    0.140667    0.239181   -9.373041    0.688573    0.047877    2.979173
    0.173333    0.258957   -6.168461    0.863954    0.012660    3.016103
    0.206000    0.260565   -5.367343    1.007421    0.005099    3.012277
    0.238667    0.259088   -5.235524    1.184503    0.002914    2.995828
    0.271333    0.254628   -5.397537    1.447565    0.000669    2.955656
    0.304000    0.251921   -5.324886    1.586783    0.001125    2.948881
    0.336667    0.246992   -5.462359    1.819374    0.000623    2.919402
    0.369333    0.242172   -5.767179    2.132270   -0.000065    2.875279
    0.402000    0.239020   -5.758628    2.298989    0.000425    2.865226
    0.434667    0.234645   -5.910441    2.567574    0.000037    2.834285
    0.467333    0.229622   -6.119391    2.850878    0.000204    2.798049
    0.500000    0.225760   -6.280375    3.128113    0.000258    2.764864

mc done : 465s

# Job ID       : 20279
# Job name     : L6_M16_eqs5_mcs6.sh
# Time start   : Mon Feb 12 01:00:24 KST 2024
# Time end     : Mon Feb 12 01:08:09 KST 2024
# Time elapsed : 0h 7m 44.629065900s

dir_save : data/Nt16_Np32_L6_M16_eqs1e+05_mcs1e+06_h9.0000_D0.0500_Tmin0.0100_Tmax0.5000

           T          mz        rho1        rho2         rho         ozz
    0.010000    0.999957   -0.000208    0.000002   -0.000000    0.000198
    0.042667    0.995049   -0.150412    0.006442   -0.000006    0.006980
    0.075333    0.990088   -0.321130    0.024156    0.000005    0.012469
    0.108000    0.985099   -0.490890    0.052944    0.000007    0.018137
    0.140667    0.980090   -0.652647    0.092414   -0.000046    0.023723
    0.173333    0.975117   -0.809935    0.140160    0.000014    0.029303
    0.206000    0.970234   -0.956132    0.197136   -0.000009    0.034719
    0.238667    0.965316   -1.097293    0.262107   -0.000010    0.040098
    0.271333    0.960573   -1.226014    0.331881    0.000031    0.045503
    0.304000    0.955868   -1.347030    0.409792   -0.000010    0.050721
    0.336667    0.951088   -1.465715    0.494327   -0.000028    0.056053
    0.369333    0.946486   -1.575062    0.580854    0.000025    0.061087
    0.402000    0.942004   -1.671775    0.673789   -0.000046    0.066248
    0.434667    0.937494   -1.770030    0.771819   -0.000060    0.071322
    0.467333    0.932971   -1.861443    0.871203   -0.000029    0.076506
    0.500000    0.928503   -1.952495    0.976603   -0.000008    0.081328

mc done : 170s

# Job ID       : 20280
# Job name     : L6_M16_eqs5_mcs6.sh
# Time start   : Mon Feb 12 12:32:55 KST 2024
# Time end     : Mon Feb 12 12:35:45 KST 2024
# Time elapsed : 0h 2m 50.224825227s

dir_save : data/Nt16_Np32_L6_M16_eqs1e+05_mcs1e+06_h2.0000_D0.0500_Tmin0.0100_Tmax0.5000

           T          mz        rho1        rho2         rho         ozz
    0.010000    0.216194  -16.989863    0.008026    0.173069    2.970681
    0.042667    0.327090   -0.415354    0.017592    0.000032    3.241198
    0.075333    0.321980   -0.798439    0.059755    0.000056    3.217677
    0.108000    0.316485   -1.169498    0.128067   -0.000174    3.192194
    0.140667    0.312489   -1.494650    0.209737    0.000039    3.170544
    0.173333    0.307433   -1.876617    0.337072   -0.000727    3.139497
    0.206000    0.303876   -2.111968    0.433994    0.000056    3.122963
    0.238667    0.299090   -2.436943    0.585809   -0.000188    3.095867
    0.271333    0.295022   -2.775264    0.767627   -0.000575    3.065289
    0.304000    0.291624   -2.992980    0.916703   -0.000240    3.047230
    0.336667    0.287562   -3.292477    1.112343   -0.000123    3.020022
    0.369333    0.283636   -3.568448    1.320667   -0.000079    2.992532
    0.402000    0.279738   -3.830512    1.540629   -0.000020    2.964346
    0.434667    0.275847   -4.105463    1.782598    0.000047    2.934923
    0.467333    0.272036   -4.372600    2.049748   -0.000144    2.903409
    0.500000    0.267982   -4.664366    2.334935   -0.000059    2.868085

mc done : 335s

# Job ID       : 20281
# Job name     : L6_M16_eqs5_mcs6.sh
# Time start   : Mon Feb 12 12:43:51 KST 2024
# Time end     : Mon Feb 12 12:49:26 KST 2024
# Time elapsed : 0h 5m 35.433854726s

dir_save : data/Nt16_Np32_L6_M16_eqs1e+05_mcs1e+06_h3.0000_D0.0500_Tmin0.0100_Tmax0.5000

           T          mz        rho1        rho2         rho         ozz
    0.010000    0.333925   -0.014038    0.001361   -0.001305    3.261442
    0.042667    0.331670   -0.160650    0.006851    0.000001    3.249246
    0.075333    0.329389   -0.378205    0.030301   -0.000257    3.229091
    0.108000    0.328717   -0.601931    0.067970   -0.000293    3.208520
    0.140667    0.326588   -0.815363    0.114963   -0.000020    3.192201
    0.173333    0.324929   -1.047349    0.181686   -0.000009    3.171506
    0.206000    0.323314   -1.288982    0.265614   -0.000004    3.149783
    0.238667    0.321253   -1.554937    0.376034   -0.000221    3.124371
    0.271333    0.320442   -1.817633    0.496574   -0.000134    3.099403
    0.304000    0.318268   -2.067684    0.633271   -0.000165    3.075958
    0.336667    0.317391   -2.328197    0.787381   -0.000113    3.049562
    0.369333    0.315706   -2.576301    0.952087   -0.000017    3.026636
    0.402000    0.314107   -2.856767    1.158197   -0.000260    2.995145
    0.434667    0.313378   -3.137950    1.370764   -0.000167    2.964264
    0.467333    0.311664   -3.406266    1.599850   -0.000183    2.933516
    0.500000    0.310846   -3.671673    1.839492   -0.000078    2.902972

mc done : 290s
dir_save : data/Nt16_Np32_L6_M16_eqs1e+05_mcs1e+06_h4.0000_D0.0500_Tmin0.0100_Tmax0.5000

           T          mz        rho1        rho2         rho         ozz
    0.010000    0.333400   -0.000365    0.000004   -0.000001    3.265562
    0.042667    0.333969   -0.148664    0.006410   -0.000017    3.246543
    0.075333    0.334841   -0.418951    0.041193   -0.001367    3.215147
    0.108000    0.334889   -0.584172    0.063438   -0.000034    3.202200
    0.140667    0.336146   -0.846577    0.120548   -0.000111    3.173935
    0.173333    0.336349   -1.091490    0.188434    0.000047    3.151338
    0.206000    0.337346   -1.360273    0.280566   -0.000018    3.123510
    0.238667    0.338929   -1.705713    0.417594   -0.000470    3.083974
    0.271333    0.339961   -1.933994    0.528822   -0.000160    3.060516
    0.304000    0.341484   -2.299017    0.710105   -0.000394    3.019537
    0.336667    0.342791   -2.551235    0.859960   -0.000033    2.992408
    0.369333    0.344152   -2.858951    1.052708    0.000093    2.957688
    0.402000    0.346225   -3.185855    1.279806    0.000024    2.916210
    0.434667    0.349180   -3.590010    1.560537   -0.000002    2.861910
    0.467333    0.352133   -3.928490    1.835198    0.000016    2.812523
    0.500000    0.355392   -4.301731    2.147601    0.000070    2.754834

mc done : 285s
dir_save : data/Nt16_Np32_L6_M16_eqs1e+05_mcs1e+06_h5.0000_D0.0500_Tmin0.0100_Tmax0.5000

           T          mz        rho1        rho2         rho         ozz
    0.010000    0.545622  -47.238553    0.000468    0.504558    1.162855
    0.042667    0.559573  -45.775387    0.014209    0.485855    1.080783
    0.075333    0.559593  -43.884555    0.060143    0.460663    1.087539
    0.108000    0.559552  -41.768857    0.150497    0.431680    1.099409
    0.140667    0.558581  -39.163711    0.319302    0.394456    1.132370
    0.173333    0.549524  -34.583324    0.637190    0.330450    1.264278
    0.206000    0.493552  -22.012437    1.028835    0.181952    1.840522
    0.238667    0.449204  -12.727152    1.332794    0.076369    2.283459
    0.271333    0.444532  -10.359874    1.681382    0.044511    2.335460
    0.304000    0.452028   -9.731004    2.090149    0.030530    2.268430
    0.336667    0.467949   -9.878603    2.617115    0.022506    2.110093
    0.369333    0.490147  -10.502470    3.288678    0.017086    1.869123
    0.402000    0.511414  -10.900753    3.939028    0.011784    1.616882
    0.434667    0.528848  -11.140467    4.524636    0.007816    1.390243
    0.467333    0.541593  -11.170316    5.010122    0.004808    1.208241
    0.500000    0.549397  -11.072656    5.385955    0.003215    1.077698

mc done : 217s
dir_save : data/Nt16_Np32_L6_M16_eqs1e+05_mcs1e+06_h6.0000_D0.0500_Tmin0.0100_Tmax0.5000

           T          mz        rho1        rho2         rho         ozz
    0.010000    0.667602  -40.118365    0.000544    0.428350    0.813209
    0.042667    0.675011  -37.879720    0.029434    0.397622    0.784310
    0.075333    0.677511  -36.233662    0.087941    0.374917    0.765763
    0.108000    0.680554  -34.440437    0.203497    0.348080    0.743103
    0.140667    0.685462  -32.128712    0.436576    0.310327    0.711196
    0.173333    0.693343  -29.193596    0.864374    0.258811    0.660068
    0.206000    0.705471  -25.510116    1.597530    0.189832    0.574336
    0.238667    0.719717  -21.437450    2.519949    0.116315    0.473959
    0.271333    0.730030  -17.935602    3.328887    0.060589    0.399744
    0.304000    0.734676  -15.498704    3.879164    0.029277    0.363774
    0.336667    0.734678  -13.879800    4.208033    0.014762    0.353950
    0.369333    0.732574  -12.727808    4.452263    0.007195    0.352982
    0.402000    0.728970  -11.873254    4.644236    0.003426    0.358418
    0.434667    0.724974  -11.191420    4.803523    0.001501    0.365356
    0.467333    0.720358  -10.657514    4.939177    0.000948    0.373014
    0.500000    0.715581  -10.173445    5.079761    0.000149    0.381285

mc done : 210s
dir_save : data/Nt16_Np32_L6_M16_eqs1e+05_mcs1e+06_h7.0000_D0.0500_Tmin0.0100_Tmax0.5000

           T          mz        rho1        rho2         rho         ozz
    0.010000    0.778533  -28.542274    0.003259    0.301680    0.645831
    0.042667    0.792601  -26.554249    0.036632    0.274730    0.490935
    0.075333    0.800013  -24.232833    0.136860    0.239666    0.452102
    0.108000    0.819313  -19.859755    0.456404    0.167151    0.361647
    0.140667    0.857972  -12.674100    1.053807    0.055410    0.205038
    0.173333    0.873882   -9.296967    1.360692    0.015469    0.147320
    0.206000    0.875746   -8.063507    1.560444    0.005223    0.136595
    0.238667    0.873363   -7.469040    1.736152    0.002081    0.137399
    0.271333    0.868978   -7.153438    1.915951    0.000986    0.142732
    0.304000    0.863872   -6.933825    2.105673    0.000078    0.149057
    0.336667    0.858249   -6.794708    2.280995    0.000208    0.156629
    0.369333    0.852592   -6.656540    2.475514   -0.000493    0.164797
    0.402000    0.846570   -6.573773    2.645489   -0.000075    0.173269
    0.434667    0.840619   -6.487909    2.835896   -0.000389    0.182120
    0.467333    0.834600   -6.413324    3.007330   -0.000233    0.190861
    0.500000    0.828417   -6.345784    3.187567   -0.000314    0.200334

mc done : 209s
dir_save : data/Nt16_Np32_L6_M16_eqs1e+05_mcs1e+06_h8.0000_D0.0500_Tmin0.0100_Tmax0.5000

           T          mz        rho1        rho2         rho         ozz
    0.010000    0.887702  -16.100566    0.004751    0.167062    0.272842
    0.042667    0.986356   -0.829448    0.035262    0.000032    0.016024
    0.075333    0.977317   -1.265009    0.095676   -0.000054    0.025564
    0.108000    0.969204   -1.606542    0.173837   -0.000033    0.034284
    0.140667    0.961560   -1.893845    0.267821   -0.000108    0.042543
    0.173333    0.954361   -2.143994    0.371788   -0.000010    0.050372
    0.206000    0.947570   -2.350293    0.485075   -0.000047    0.057798
    0.238667    0.941057   -2.533042    0.604988   -0.000020    0.065048
    0.271333    0.934674   -2.702965    0.733047    0.000014    0.072263
    0.304000    0.928435   -2.850023    0.867879   -0.000052    0.079463
    0.336667    0.922556   -2.972167    1.001418   -0.000025    0.086044
    0.369333    0.916517   -3.096756    1.148722   -0.000144    0.092925
    0.402000    0.910767   -3.204067    1.287686    0.000009    0.099846
    0.434667    0.905173   -3.295594    1.440356   -0.000194    0.106494
    0.467333    0.899552   -3.380261    1.590522   -0.000247    0.113113
    0.500000    0.893984   -3.466673    1.732265    0.000023    0.119997

mc done : 186s

# Job ID       : 20282
# Job name     : L6_M16_eqs5_mcs6.sh
# Time start   : Mon Feb 12 13:10:57 KST 2024
# Time end     : Mon Feb 12 13:34:14 KST 2024
# Time elapsed : 0h 23m 16.872000887s

dir_save : data/Nt16_Np32_L6_M16_eqs1e+05_mcs1e+06_h4.1000_D0.0500_Tmin0.0100_Tmax0.5000

           T          mz        rho1        rho2         rho         ozz
    0.010000    0.333425   -0.001799    0.000116   -0.000104    3.265275
    0.042667    0.335533   -0.241481    0.022983   -0.003177    3.228941
    0.075333    0.334854   -0.372261    0.028101   -0.000008    3.223312
    0.108000    0.336321   -0.622394    0.069295   -0.000206    3.195526
    0.140667    0.336730   -0.862661    0.120798    0.000042    3.173447
    0.173333    0.338725   -1.211740    0.221132   -0.000684    3.133248
    0.206000    0.339636   -1.429128    0.298175   -0.000196    3.113224
    0.238667    0.341327   -1.783744    0.437750   -0.000539    3.073519
    0.271333    0.342545   -2.026504    0.550210   -0.000014    3.049734
    0.304000    0.343872   -2.335779    0.709357    0.000025    3.017313
    0.336667    0.345992   -2.664830    0.891694    0.000174    2.979255
    0.369333    0.348128   -2.975117    1.095668    0.000091    2.940444
    0.402000    0.350875   -3.335247    1.333497    0.000193    2.894411
    0.434667    0.354423   -3.737420    1.614060    0.000258    2.839828
    0.467333    0.358090   -4.101003    1.914996    0.000035    2.782465
    0.500000    0.362536   -4.521059    2.245193    0.000328    2.714452

mc done : 284s
dir_save : data/Nt16_Np32_L6_M16_eqs1e+05_mcs1e+06_h4.2000_D0.0500_Tmin0.0100_Tmax0.5000

           T          mz        rho1        rho2         rho         ozz
    0.010000    0.333443   -0.000492    0.000012   -0.000007    3.265363
    0.042667    0.363021   -9.199165    0.015470    0.094478    2.913275
    0.075333    0.336987   -0.488614    0.050430   -0.001933    3.202782
    0.108000    0.337232   -0.648234    0.071634   -0.000161    3.192084
    0.140667    0.337996   -0.910038    0.128496   -0.000037    3.168013
    0.173333    0.340623   -1.278671    0.233597   -0.000738    3.124600
    0.206000    0.341667   -1.498195    0.310207   -0.000082    3.105067
    0.238667    0.342935   -1.795629    0.427596    0.000043    3.075427
    0.271333    0.345004   -2.116276    0.571938    0.000090    3.040211
    0.304000    0.348324   -2.532943    0.779891   -0.000347    2.988649
    0.336667    0.350340   -2.813725    0.943760    0.000112    2.958095
    0.369333    0.353071   -3.165160    1.168592    0.000012    2.914600
    0.402000    0.356553   -3.546931    1.419082    0.000180    2.863826
    0.434667    0.360481   -3.925714    1.693827    0.000309    2.809197
    0.467333    0.365547   -4.368520    2.032547    0.000206    2.738948
    0.500000    0.371677   -4.863796    2.407589    0.000520    2.653988

mc done : 282s
dir_save : data/Nt16_Np32_L6_M16_eqs1e+05_mcs1e+06_h4.3000_D0.0500_Tmin0.0100_Tmax0.5000

           T          mz        rho1        rho2         rho         ozz
    0.010000    0.471190  -36.017684    0.008192    0.376330    1.968897
    0.042667    0.464945  -39.322021    0.049783    0.407943    1.743169
    0.075333    0.336088   -0.408970    0.030801    0.000001    3.218537
    0.108000    0.337667   -0.676243    0.073025    0.000001    3.191315
    0.140667    0.339389   -0.960538    0.134893    0.000017    3.162278
    0.173333    0.341381   -1.272496    0.218868    0.000105    3.130465
    0.206000    0.343940   -1.595938    0.328269    0.000026    3.094619
    0.238667    0.345719   -1.908139    0.453470    0.000087    3.062785
    0.271333    0.348425   -2.257630    0.608237    0.000171    3.024042
    0.304000    0.352547   -2.689803    0.827528   -0.000346    2.968297
    0.336667    0.354430   -2.956501    0.989295    0.000192    2.939943
    0.369333    0.358570   -3.360940    1.234153    0.000207    2.887294
    0.402000    0.362432   -3.739360    1.486743    0.000438    2.835824
    0.434667    0.368081   -4.227664    1.814086    0.000579    2.762952
    0.467333    0.374240   -4.678608    2.168758    0.000405    2.685062
    0.500000    0.382072   -5.230298    2.589699    0.000544    2.582160

mc done : 246s
dir_save : data/Nt16_Np32_L6_M16_eqs1e+05_mcs1e+06_h4.4000_D0.0500_Tmin0.0100_Tmax0.5000

           T          mz        rho1        rho2         rho         ozz
    0.010000    0.477341  -36.809146    0.004315    0.388938    1.930549
    0.042667    0.489959  -47.730918    0.021169    0.505019    1.296258
    0.075333    0.336840   -0.438726    0.033172   -0.000017    3.215119
    0.108000    0.339457   -0.733978    0.080094   -0.000082    3.182599
    0.140667    0.341034   -1.032698    0.144706    0.000043    3.154680
    0.173333    0.345280   -1.478916    0.268310   -0.000738    3.100966
    0.206000    0.346679   -1.708424    0.351416    0.000027    3.081767
    0.238667    0.348990   -2.045470    0.486777    0.000063    3.046803
    0.271333    0.352301   -2.430395    0.652405    0.000277    3.004439
    0.304000    0.357233   -2.888451    0.881936   -0.000135    2.944053
    0.336667    0.360477   -3.233179    1.075201    0.000422    2.906376
    0.369333    0.364730   -3.627840    1.324519    0.000445    2.853101
    0.402000    0.370727   -4.100501    1.632030    0.000435    2.782655
    0.434667    0.377212   -4.581477    1.967736    0.000582    2.706940
    0.467333    0.385983   -5.175476    2.385891    0.000750    2.599783
    0.500000    0.396016   -5.783088    2.849362    0.000902    2.470062

mc done : 242s
dir_save : data/Nt16_Np32_L6_M16_eqs1e+05_mcs1e+06_h4.5000_D0.0500_Tmin0.0100_Tmax0.5000

           T          mz        rho1        rho2         rho         ozz
    0.010000    0.485765  -36.565078    0.004998    0.385598    1.909595
    0.042667    0.501316  -47.875858    0.012974    0.508622    1.257611
    0.075333    0.340882   -0.658056    0.065797   -0.002302    3.180045
    0.108000    0.340154   -0.780020    0.084331   -0.000009    3.179923
    0.140667    0.343589   -1.146918    0.161112    0.000017    3.141457
    0.173333    0.346012   -1.486307    0.254411    0.000198    3.108312
    0.206000    0.349249   -1.845130    0.376218    0.000201    3.069365
    0.238667    0.354772   -2.363384    0.569762   -0.000255    3.006842
    0.271333    0.357481   -2.661454    0.713811    0.000328    2.976891
    0.304000    0.362414   -3.125130    0.941763    0.000291    2.919029
    0.336667    0.366947   -3.524872    1.168967    0.000563    2.870135
    0.369333    0.372759   -3.967983    1.443857    0.000627    2.806238
    0.402000    0.380029   -4.493166    1.768271    0.001010    2.727460
    0.434667    0.388549   -5.030038    2.149946    0.000896    2.631194
    0.467333    0.400255   -5.748182    2.648137    0.000873    2.492035
    0.500000    0.413010   -6.454662    3.163975    0.001355    2.328575

mc done : 241s
dir_save : data/Nt16_Np32_L6_M16_eqs1e+05_mcs1e+06_h4.6000_D0.0500_Tmin0.0100_Tmax0.5000

           T          mz        rho1        rho2         rho         ozz
    0.010000    0.508085  -38.754104    0.003608    0.410489    1.745108
    0.042667    0.513590  -47.566550    0.016310    0.504479    1.209845
    0.075333    0.508888  -43.588104    0.081242    0.454499    1.318773
    0.108000    0.342521   -0.892803    0.096366    0.000006    3.167299
    0.140667    0.345429   -1.276116    0.173690    0.000442    3.132094
    0.173333    0.349234   -1.672907    0.284664    0.000327    3.090817
    0.206000    0.353347   -2.086104    0.421086    0.000449    3.046812
    0.238667    0.359995   -2.654425    0.631607    0.000086    2.977147
    0.271333    0.363282   -2.989170    0.789461    0.000851    2.943998
    0.304000    0.369740   -3.510448    1.049722    0.000614    2.876341
    0.336667    0.375311   -3.914719    1.284449    0.001064    2.821709
    0.369333    0.383255   -4.482818    1.615164    0.001172    2.738313
    0.402000    0.392331   -5.049793    1.972680    0.001525    2.645122
    0.434667    0.404613   -5.766467    2.441134    0.001608    2.508454
    0.467333    0.418428   -6.495889    2.945276    0.002070    2.343245
    0.500000    0.435564   -7.354282    3.591921    0.001822    2.124071

mc done : 233s
dir_save : data/Nt16_Np32_L6_M16_eqs1e+05_mcs1e+06_h4.7000_D0.0500_Tmin0.0100_Tmax0.5000

           T          mz        rho1        rho2         rho         ozz
    0.010000    0.531723  -40.008016    0.001955    0.425662    1.615710
    0.042667    0.525016  -47.248076    0.013393    0.501805    1.179354
    0.075333    0.524188  -44.970171    0.057530    0.472641    1.210176
    0.108000    0.430772  -20.993481    0.134911    0.211100    2.240168
    0.140667    0.349667   -1.726412    0.200732    0.003201    3.102970
    0.173333    0.353646   -1.973998    0.324050    0.001117    3.065697
    0.206000    0.358656   -2.426897    0.480619    0.001003    3.016312
    0.238667    0.364890   -2.957478    0.676718    0.001305    2.956098
    0.271333    0.371085   -3.448380    0.894096    0.001638    2.897497
    0.304000    0.378057   -3.959991    1.151842    0.001829    2.830371
    0.336667    0.386531   -4.531733    1.453360    0.002297    2.749452
    0.369333    0.396950   -5.201595    1.826578    0.002737    2.647405
    0.402000    0.409291   -5.852767    2.261034    0.002441    2.519736
    0.434667    0.424696   -6.664277    2.790990    0.002601    2.349110
    0.467333    0.443906   -7.569931    3.433628    0.002381    2.117027
    0.500000    0.463303   -8.436610    4.104298    0.002438    1.858766

mc done : 234s
dir_save : data/Nt16_Np32_L6_M16_eqs1e+05_mcs1e+06_h4.8000_D0.0500_Tmin0.0100_Tmax0.5000

           T          mz        rho1        rho2         rho         ozz
    0.010000    0.535604  -39.556494    0.011626    0.410495    1.601281
    0.042667    0.536495  -46.760892    0.016404    0.495842    1.142955
    0.075333    0.535964  -44.509582    0.067186    0.466347    1.167026
    0.108000    0.534084  -41.961323    0.160765    0.432721    1.211363
    0.140667    0.431012  -17.706633    0.314133    0.165437    2.308219
    0.173333    0.366778   -3.714376    0.410499    0.014392    2.963116
    0.206000    0.367650   -3.236544    0.574929    0.004764    2.957159
    0.238667    0.375891   -3.825756    0.808851    0.004669    2.882754
    0.271333    0.382071   -4.211959    1.037621    0.004146    2.827750
    0.304000    0.392217   -4.907047    1.362146    0.004558    2.734680
    0.336667    0.402697   -5.480852    1.703182    0.004511    2.639072
    0.369333    0.416350   -6.227358    2.135113    0.004772    2.505060
    0.402000    0.434708   -7.174809    2.692977    0.005088    2.309483
    0.434667    0.455129   -8.074268    3.331421    0.004383    2.075122
    0.467333    0.476571   -8.956769    4.019281    0.003810    1.806131
    0.500000    0.493781   -9.542804    4.613688    0.003372    1.567154

mc done : 226s
dir_save : data/Nt16_Np32_L6_M16_eqs1e+05_mcs1e+06_h4.9000_D0.0500_Tmin0.0100_Tmax0.5000

           T          mz        rho1        rho2         rho         ozz
    0.010000    0.539792  -40.060984    0.001913    0.426274    1.584048
    0.042667    0.548225  -46.220968    0.017124    0.489888    1.108436
    0.075333    0.547869  -44.149178    0.066759    0.462554    1.127518
    0.108000    0.546759  -41.877127    0.156185    0.432275    1.158315
    0.140667    0.537572  -37.350947    0.352862    0.372524    1.288476
    0.173333    0.450151  -18.139191    0.604204    0.156669    2.189998
    0.206000    0.398007   -7.366780    0.767415    0.038933    2.705237
    0.238667    0.396757   -6.039625    1.012755    0.019205    2.726827
    0.271333    0.402117   -5.921830    1.289311    0.012510    2.683197
    0.304000    0.413324   -6.459489    1.635061    0.011558    2.582842
    0.336667    0.427715   -7.130037    2.071557    0.010445    2.447374
    0.369333    0.445672   -7.905405    2.580547    0.009819    2.267183
    0.402000    0.469807   -8.970779    3.275393    0.008800    1.999899
    0.434667    0.491223   -9.687550    3.937595    0.006721    1.739631
    0.467333    0.509765  -10.167015    4.564949    0.004265    1.494038
    0.500000    0.522503  -10.363337    5.042611    0.002974    1.306928

mc done : 215s

# Job ID       : 20283
# Job name     : L6_M16_eqs5_mcs6.sh
# Time start   : Mon Feb 12 13:38:32 KST 2024
# Time end     : Mon Feb 12 14:15:15 KST 2024
# Time elapsed : 0h 36m 43.615566373s

